#
# There is insufficient memory for the Java Runtime Environment to continue.
# Native memory allocation (malloc) failed to allocate 1048576 bytes for AllocateHeap
# Possible reasons:
#   The system is out of physical RAM or swap space
#   In 32 bit mode, the process size limit was hit
# Possible solutions:
#   Reduce memory load on the system
#   Increase physical memory or swap space
#   Check if swap backing store is full
#   Use 64 bit Java on a 64 bit OS
#   Decrease Java heap size (-Xmx/-Xms)
#   Decrease number of Java threads
#   Decrease Java thread stack sizes (-Xss)
#   Set larger code cache with -XX:ReservedCodeCacheSize=
# This output file may be truncated or incomplete.
#
#  Out of Memory Error (memory/allocation.inline.hpp:61), pid=27096, tid=0x0000000000006dcc
#
# JRE version:  (8.0_111-b14) (build )
# Java VM: Java HotSpot(TM) 64-Bit Server VM (25.111-b14 mixed mode windows-amd64 compressed oops)
# Failed to write core dump. Minidumps are not enabled by default on client versions of Windows
#

---------------  T H R E A D  ---------------

Current thread (0x0000000003291000):  JavaThread "Unknown thread" [_thread_in_vm, id=28108, stack(0x0000000003190000,0x0000000003290000)]

Stack: [0x0000000003190000,0x0000000003290000]
[error occurred during error reporting (printing stack bounds), id 0xc0000005]

Native frames: (J=compiled Java code, j=interpreted, Vv=VM code, C=native code)


---------------  P R O C E S S  ---------------

Java Threads: ( => current thread )

Other Threads:

=>0x0000000003291000 (exited) JavaThread "Unknown thread" [_thread_in_vm, id=28108, stack(0x0000000003190000,0x0000000003290000)]

VM state:not at safepoint (normal execution)

VM Mutex/Monitor currently owned by a thread: None

Heap:
 PSYoungGen      total 37888K, used 655K [0x00000000d6400000, 0x00000000d8e00000, 0x0000000100000000)
  eden space 32768K, 2% used [0x00000000d6400000,0x00000000d64a3d80,0x00000000d8400000)
  from space 5120K, 0% used [0x00000000d8900000,0x00000000d8900000,0x00000000d8e00000)
  to   space 5120K, 0% used [0x00000000d8400000,0x00000000d8400000,0x00000000d8900000)
 ParOldGen       total 86016K, used 0K [0x0000000082c00000, 0x0000000088000000, 0x00000000d6400000)
  object space 86016K, 0% used [0x0000000082c00000,0x0000000082c00000,0x0000000088000000)
 Metaspace       used 770K, capacity 4480K, committed 4480K, reserved 1056768K
  class space    used 75K, capacity 384K, committed 384K, reserved 1048576K

Card table byte_map: [0x0000000012750000,0x0000000012b40000] byte_map_base: 0x000000001233a000

Marking Bits: (ParMarkBitMap*) 0x000000005160a6c0
 Begin Bits: [0x00000000137e0000, 0x0000000015730000)
 End Bits:   [0x0000000015730000, 0x0000000017680000)

Polling page: 0x0000000001790000

CodeCache: size=245760Kb used=328Kb max_used=328Kb free=245431Kb
 bounds [0x0000000003390000, 0x0000000003600000, 0x0000000012390000]
 total_blobs=58 nmethods=0 adapters=38
 compilation: enabled

Compilation events (0 events):
No events

GC Heap History (0 events):
No events

Deoptimization events (0 events):
No events

Internal exceptions (0 events):
No events

Events (10 events):
Event: 0.017 loading class java/lang/Short
Event: 0.017 loading class java/lang/Short done
Event: 0.017 loading class java/lang/Integer
Event: 0.017 loading class java/lang/Integer done
Event: 0.017 loading class java/lang/Long
Event: 0.018 loading class java/lang/Long done
Event: 0.018 loading class java/lang/NullPointerException
Event: 0.018 loading class java/lang/NullPointerException done
Event: 0.018 loading class java/lang/ArithmeticException
Event: 0.018 loading class java/lang/ArithmeticException done


Dynamic libraries:
0x00007ff712160000 - 0x00007ff712197000 	C:\Program Files\Java\jdk1.8.0_111\bin\java.exe
0x00007ff9294b0000 - 0x00007ff9296a5000 	C:\Windows\SYSTEM32\ntdll.dll
0x00007ff929350000 - 0x00007ff92940e000 	C:\Windows\System32\KERNEL32.DLL
0x00007ff9270a0000 - 0x00007ff927369000 	C:\Windows\System32\KERNELBASE.dll
0x00007ff928970000 - 0x00007ff928a1c000 	C:\Windows\System32\ADVAPI32.dll
0x00007ff9292b0000 - 0x00007ff92934e000 	C:\Windows\System32\msvcrt.dll
0x00007ff929110000 - 0x00007ff9291ab000 	C:\Windows\System32\sechost.dll
0x00007ff928a80000 - 0x00007ff928baa000 	C:\Windows\System32\RPCRT4.dll
0x00007ff928270000 - 0x00007ff928411000 	C:\Windows\System32\USER32.dll
0x00007ff927010000 - 0x00007ff927032000 	C:\Windows\System32\win32u.dll
0x00007ff928420000 - 0x00007ff92844b000 	C:\Windows\System32\GDI32.dll
0x00007ff9273a0000 - 0x00007ff9274ab000 	C:\Windows\System32\gdi32full.dll
0x00007ff926dc0000 - 0x00007ff926e5d000 	C:\Windows\System32\msvcp_win.dll
0x00007ff926f10000 - 0x00007ff927010000 	C:\Windows\System32\ucrtbase.dll
0x00007ff90cbe0000 - 0x00007ff90ce7a000 	C:\Windows\WinSxS\amd64_microsoft.windows.common-controls_6595b64144ccf1df_6.0.19041.1110_none_60b5254171f9507e\COMCTL32.dll
0x00007ff929280000 - 0x00007ff9292b0000 	C:\Windows\System32\IMM32.DLL
0x0000000052210000 - 0x00000000522e2000 	C:\Program Files\Java\jdk1.8.0_111\jre\bin\msvcr100.dll
0x0000000050df0000 - 0x000000005168a000 	C:\Program Files\Java\jdk1.8.0_111\jre\bin\server\jvm.dll
0x00007ff928960000 - 0x00007ff928968000 	C:\Windows\System32\PSAPI.DLL
0x00007ff9237e0000 - 0x00007ff9237e9000 	C:\Windows\SYSTEM32\WSOCK32.dll
0x00007ff90ec60000 - 0x00007ff90ec87000 	C:\Windows\SYSTEM32\WINMM.dll
0x00007ff9219a0000 - 0x00007ff9219aa000 	C:\Windows\SYSTEM32\VERSION.dll
0x00007ff928e00000 - 0x00007ff928e6b000 	C:\Windows\System32\WS2_32.dll
0x0000000053c90000 - 0x0000000053c9f000 	C:\Program Files\Java\jdk1.8.0_111\jre\bin\verify.dll
0x00000000521a0000 - 0x00000000521c9000 	C:\Program Files\Java\jdk1.8.0_111\jre\bin\java.dll
0x0000000052180000 - 0x0000000052196000 	C:\Program Files\Java\jdk1.8.0_111\jre\bin\zip.dll

VM Arguments:
jvm_args: -Dfile.encoding=UTF-8 
java_command: filightplan.Flight
java_class_path (initial): D:\Second\Coding\File Coding Java\LJProjects\Stopwatch\build\classes
Launcher Type: SUN_STANDARD

Environment Variables:
JAVA_HOME=C:\Program Files\Java\jdk-16.0.2
PATH=C:\Program Files\Common Files\Oracle\Java\javapath;C:\Program Files (x86)\Common Files\Oracle\Java\javapath;C:\ProgramData\Oracle\Java\javapath;C:\Windows\system32;C:\Windows;C:\Windows\System32\Wbem;C:\Windows\System32\WindowsPowerShell\v1.0\;C:\Windows\System32\OpenSSH\;C:\Program Files (x86)\NVIDIA Corporation\PhysX\Common;C:\Program Files\NVIDIA Corporation\NVIDIA NvDLISR;C:\Program Files\Git\cmd;C:\Program Files (x86)\CodeBlocks\MinGW\bin;C:\Program Files (x86)\Groovy\bin;C:\Program Files\Polyspace\R2021a\runtime\win64;C:\Program Files\Polyspace\R2021a\bin;C:\Program Files\Polyspace\R2021a\polyspace\bin;C:\Users\user\AppData\Local\Microsoft\WindowsApps;C:\Users\user\AppData\Local\Programs\Microsoft VS Code\bin;C:\Program Files\JetBrains\IntelliJ IDEA Community Edition 2021.2\bin;;C:\Users\user\AppData\Local\GitHubDesktop\bin;D:\Second\Coding\gradle-7.2\bin;
USERNAME=user
OS=Windows_NT
PROCESSOR_IDENTIFIER=Intel64 Family 6 Model 165 Stepping 2, GenuineIntel



---------------  S Y S T E M  ---------------

OS: Windows 10.0 , 64 bit Build 19041 (10.0.19041.1202)

CPU:total 12 (6 cores per cpu, 2 threads per core) family 6 model 165 stepping 2, cmov, cx8, fxsr, mmx, sse, sse2, sse3, ssse3, sse4.1, sse4.2, popcnt, avx, avx2, aes, clmul, erms, 3dnowpref, lzcnt, ht, tsc, tscinvbit, bmi1, bmi2, adx

Memory: 4k page, physical 8206088k(817784k free), swap 33371912k(3596k free)

vm_info: Java HotSpot(TM) 64-Bit Server VM (25.111-b14) for windows-amd64 JRE (1.8.0_111-b14), built on Sep 22 2016 19:24:05 by "java_re" with MS VC++ 10.0 (VS2010)

time: Fri Oct 15 21:04:16 2021
elapsed time: 0 seconds (0d 0h 0m 0s)

